2022-07-14 18:37:51: -- Analysis Started by User Command
2022-07-14 18:37:51: R: State file does not exist: C:/MAMP/htdocs/Activation/hris/app/Mainframe/_gsdata_/_file_state_v4._gs
2022-07-14 18:37:51: /Commands/CleanDeletedUploads.php: Warning: Older file to replace Newer file
2022-07-14 18:37:51: /Commands/CleanTempDirectory.php: Warning: Older file to replace Newer file
2022-07-14 18:37:51: /Commands/CreateRootModels.php: Warning: Older file to replace Newer file
2022-07-14 18:37:51: /Commands/FixContentKey.php: Warning: Older file to replace Newer file
2022-07-14 18:37:51: /Commands/FixPolymorphicType.php: Warning: Older file to replace Newer file
2022-07-14 18:37:51: /Commands/MakeModule.php: Warning: Older file to replace Newer file
2022-07-14 18:37:51: /Commands/PortModule.php: Warning: Older file to replace Newer file
2022-07-14 18:37:51: /Commands/RefreshGroupPermission.php: Warning: Older file to replace Newer file
2022-07-14 18:37:51: /Commands/RefreshModules.php: Warning: Older file to replace Newer file
2022-07-14 18:37:51: /Contents/SampleContent.php: Warning: Older file to replace Newer file
2022-07-14 18:37:51: /DataBlocks/SampleDataBlock.php: Warning: Older file to replace Newer file
2022-07-14 18:37:51: /Datatables/SampleDatatable.php: Warning: Older file to replace Newer file
2022-07-14 18:37:51: /Features/Audit/Audit.php: Warning: Older file to replace Newer file
2022-07-14 18:37:51: /Features/Cacher/Cacher.php: Warning: Older file to replace Newer file
2022-07-14 18:37:51: /Features/Content/DynamicContent.php: Warning: Older file to replace Newer file
2022-07-14 18:37:51: /Features/Content/DynamicContentControllerTrait.php: Warning: Older file to replace Newer file
2022-07-14 18:37:51: /Features/Content/DynamicContentTrait.php: Warning: Older file to replace Newer file
2022-07-14 18:37:51: /Features/Core/Traits/SendResponse.php: Warning: Older file to replace Newer file
2022-07-14 18:37:51: /Features/Core/Traits/Validable.php: Warning: Older file to replace Newer file
2022-07-14 18:37:51: /Features/Core/ViewProcessor.php: Warning: Older file to replace Newer file
2022-07-14 18:37:51: /Features/Dashboards/Superadmin/SuperAdminDashboard.php: Warning: Older file to replace Newer file
2022-07-14 18:37:51: /Features/DataBlocks/DataBlock.php: Warning: Older file to replace Newer file
2022-07-14 18:37:51: /Features/DataBlocks/DataBlockControllerTrait.php: Warning: Older file to replace Newer file
2022-07-14 18:37:51: /Features/DataBlocks/DataBlockTrait.php: Warning: Older file to replace Newer file
2022-07-14 18:37:51: /Features/Datatable/Datatable.php: Warning: Older file to replace Newer file
2022-07-14 18:37:51: /Features/Datatable/ModuleDatatable.php: Warning: Older file to replace Newer file
2022-07-14 18:37:51: /Features/Datatable/Traits/CustomDatatableTrait.php: Warning: Older file to replace Newer file
2022-07-14 18:37:51: /Features/Datatable/Traits/DatatableControllerTrait.php: Warning: Older file to replace Newer file
2022-07-14 18:37:51: /Features/Datatable/Traits/DatatableTrait.php: Warning: Older file to replace Newer file
2022-07-14 18:37:51: /Features/Datatable/Traits/ModuleDatatableTrait.php: Warning: Older file to replace Newer file
2022-07-14 18:37:51: /Features/Form/Button.php: Warning: Older file to replace Newer file
2022-07-14 18:37:51: /Features/Form/Checkbox/Checkbox.php: Warning: Older file to replace Newer file
2022-07-14 18:37:51: /Features/Form/Comment.php: Warning: Older file to replace Newer file
2022-07-14 18:37:51: /Features/Form/DeleteButton.php: Warning: Older file to replace Newer file
2022-07-14 18:37:51: /Features/Form/Form.php: Warning: Older file to replace Newer file
2022-07-14 18:37:51: /Features/Form/Input.php: Warning: Older file to replace Newer file
2022-07-14 18:37:51: /Features/Form/Parts.php: Warning: Older file to replace Newer file
2022-07-14 18:37:51: /Features/Form/Plugins/ListItems/ListItems.php: Warning: Older file to replace Newer file
2022-07-14 18:37:51: /Features/Form/Select/Select.php: Warning: Older file to replace Newer file
2022-07-14 18:37:51: /Features/Form/Select/SelectAjax.php: Warning: Older file to replace Newer file
2022-07-14 18:37:51: /Features/Form/Select/SelectArray.php: Warning: Older file to replace Newer file
2022-07-14 18:37:51: /Features/Form/Select/SelectArrayMultiple.php: Warning: Older file to replace Newer file
2022-07-14 18:37:51: /Features/Form/Select/SelectModel.php: Warning: Older file to replace Newer file
2022-07-14 18:37:51: /Features/Form/Select/SelectModelMultiple.php: Warning: Older file to replace Newer file
2022-07-14 18:37:51: /Features/Form/Text/Date.php: Warning: Older file to replace Newer file
2022-07-14 18:37:51: /Features/Form/Text/Datetime.php: Warning: Older file to replace Newer file
2022-07-14 18:37:51: /Features/Form/Text/InputHidden.php: Warning: Older file to replace Newer file
2022-07-14 18:37:51: /Features/Form/Text/InputText.php: Warning: Older file to replace Newer file
2022-07-14 18:37:51: /Features/Form/Text/PlainText.php: Warning: Older file to replace Newer file
2022-07-14 18:37:51: /Features/Form/Text/Tags.php: Warning: Older file to replace Newer file
2022-07-14 18:37:51: /Features/Form/Text/TextArea.php: Warning: Older file to replace Newer file
2022-07-14 18:37:51: /Features/Form/Upload.php: Warning: Older file to replace Newer file
2022-07-14 18:37:51: /Features/Modular/BaseModule/BaseModule.php: Warning: Older file to replace Newer file
2022-07-14 18:37:51: /Features/Modular/BaseModule/BaseModuleObserver.php: Warning: Older file to replace Newer file
2022-07-14 18:37:51: /Features/Modular/BaseModule/BaseModulePolicy.php: Warning: Older file to replace Newer file
2022-07-14 18:37:51: /Features/Modular/BaseModule/BaseModuleViewProcessor.php: Warning: Older file to replace Newer file
2022-07-14 18:37:51: /Features/Modular/BaseModule/Traits/ModularTrait.php: Warning: Older file to replace Newer file
2022-07-14 18:37:51: /Features/Modular/BaseModule/Traits/ViewProcessorTrait.php: Warning: Older file to replace Newer file
2022-07-14 18:37:51: /Features/Modular/ModularController/ModularController.php: Warning: Older file to replace Newer file
2022-07-14 18:37:51: /Features/Modular/ModularController/Traits/ModularControllerTrait.php: Warning: Older file to replace Newer file
2022-07-14 18:37:51: /Features/Modular/ModularController/Traits/RequestProcessorTrait.php: Warning: Older file to replace Newer file
2022-07-14 18:37:51: /Features/Modular/ModularController/Traits/RequestValidator.php: Warning: Older file to replace Newer file
2022-07-14 18:37:51: /Features/Modular/ModularController/Traits/Resolvable.php: Warning: Older file to replace Newer file
2022-07-14 18:37:51: /Features/Modular/Rememberable/Rememberable.php: Warning: Older file to replace Newer file
2022-07-14 18:37:51: /Features/Modular/Skeleton/migration.php: Warning: Older file to replace Newer file
2022-07-14 18:37:51: /Features/Modular/Skeleton/SuperHero.php: Warning: Older file to replace Newer file
2022-07-14 18:37:51: /Features/Modular/Skeleton/SuperHeroController.php: Warning: Older file to replace Newer file
2022-07-14 18:37:51: /Features/Modular/Skeleton/SuperHeroDatatable.php: Warning: Older file to replace Newer file
2022-07-14 18:37:51: /Features/Modular/Skeleton/SuperHeroHelper.php: Warning: Older file to replace Newer file
2022-07-14 18:37:51: /Features/Modular/Skeleton/SuperHeroObserver.php: Warning: Older file to replace Newer file
2022-07-14 18:37:51: /Features/Modular/Skeleton/SuperHeroPolicy.php: Warning: Older file to replace Newer file
2022-07-14 18:37:51: /Features/Modular/Skeleton/SuperHeroProcessor.php: Warning: Older file to replace Newer file
2022-07-14 18:37:51: /Features/Modular/Skeleton/SuperHeroProcessorHelper.php: Warning: Older file to replace Newer file
2022-07-14 18:37:51: /Features/Modular/Skeleton/SuperHeroViewProcessor.php: Warning: Older file to replace Newer file
2022-07-14 18:37:51: /Features/Modular/Skeleton/views/form/default.blade.php: Warning: Older file to replace Newer file
2022-07-14 18:37:51: /Features/Modular/Skeleton/views/form/js.blade.php: Warning: Older file to replace Newer file
2022-07-14 18:37:51: /Features/Modular/Skeleton/views/grid/default.blade.php: Warning: Older file to replace Newer file
2022-07-14 18:37:51: /Features/Modular/Validator/ModelProcessor.php: Warning: Older file to replace Newer file
2022-07-14 18:37:51: /Features/Multitenant/GlobalScope/CheckTenantScope.php: Warning: Older file to replace Newer file
2022-07-14 18:37:51: /Features/Plugins/MultiLevelModel/MultiLevelModelTrait.php: Warning: Older file to replace Newer file
2022-07-14 18:37:51: /Features/Report/ModuleList.php: Warning: Older file to replace Newer file
2022-07-14 18:37:51: /Features/Report/ModuleReportBuilder.php: Warning: Older file to replace Newer file
2022-07-14 18:37:51: /Features/Report/ReportBuilder.php: Warning: Older file to replace Newer file
2022-07-14 18:37:51: /Features/Report/ReportViewProcessor.php: Warning: Older file to replace Newer file
2022-07-14 18:37:51: /Features/Report/Traits/Columns.php: Warning: Older file to replace Newer file
2022-07-14 18:37:51: /Features/Report/Traits/Filterable.php: Warning: Older file to replace Newer file
2022-07-14 18:37:51: /Features/Report/Traits/ModuleReportBuilderTrait.php: Warning: Older file to replace Newer file
2022-07-14 18:37:51: /Features/Report/Traits/Output.php: Warning: Older file to replace Newer file
2022-07-14 18:37:51: /Features/Report/Traits/Query.php: Warning: Older file to replace Newer file
2022-07-14 18:37:51: /Features/Report/Traits/ReportControllerTrait.php: Warning: Older file to replace Newer file
2022-07-14 18:37:51: /Features/Report/Traits/ReportViewProcessorTrait.php: Warning: Older file to replace Newer file
2022-07-14 18:37:51: /Features/Resolvers/PolicyResolver.php: Warning: Older file to replace Newer file
2022-07-14 18:37:51: /Features/Responder/Response.php: Warning: Older file to replace Newer file
2022-07-14 18:37:51: /Helpers/Cache.php: Warning: Older file to replace Newer file
2022-07-14 18:37:51: /Helpers/Cached.php: Warning: Older file to replace Newer file
2022-07-14 18:37:51: /Helpers/Convert.php: Warning: Older file to replace Newer file
2022-07-14 18:37:51: /Helpers/Date.php: Warning: Older file to replace Newer file
2022-07-14 18:37:51: /Helpers/functions.php: Warning: Older file to replace Newer file
2022-07-14 18:37:51: /Helpers/generic.php: Warning: Older file to replace Newer file
2022-07-14 18:37:51: /Helpers/Mf.php: Warning: Older file to replace Newer file
2022-07-14 18:37:51: /Helpers/Money.php: Warning: Older file to replace Newer file
2022-07-14 18:37:51: /Helpers/Sanitize.php: Warning: Older file to replace Newer file
2022-07-14 18:37:51: /Helpers/Test/ApiTestCase.php: Warning: Older file to replace Newer file
2022-07-14 18:37:51: /Helpers/Test/MailTrackingTrait.php: Warning: Older file to replace Newer file
2022-07-14 18:37:51: /Helpers/Test/ModularHttpTestTrait.php: Warning: Older file to replace Newer file
2022-07-14 18:37:51: /Helpers/Test/ModularJsonTestTrait.php: Warning: Older file to replace Newer file
2022-07-14 18:37:51: /Helpers/Test/ModuleIntegrityTest.php: Warning: Older file to replace Newer file
2022-07-14 18:37:51: /Helpers/Test/SuperadminModularTestCase.php: Warning: Older file to replace Newer file
2022-07-14 18:37:51: /Helpers/Test/SuperadminTestCase.php: Warning: Older file to replace Newer file
2022-07-14 18:37:51: /Helpers/Test/TestCase.php: Warning: Older file to replace Newer file
2022-07-14 18:37:51: /Helpers/Test/TestHelperTrait.php: Warning: Older file to replace Newer file
2022-07-14 18:37:51: /Helpers/Test/UserModularTestCase.php: Warning: Older file to replace Newer file
2022-07-14 18:37:51: /Helpers/Test/UserTestCase.php: Warning: Older file to replace Newer file
2022-07-14 18:37:51: /Helpers/Value.php: Warning: Older file to replace Newer file
2022-07-14 18:37:51: /Helpers/View.php: Warning: Older file to replace Newer file
2022-07-14 18:37:51: /Http/Controllers/Api/ApiController.php: Warning: Older file to replace Newer file
2022-07-14 18:37:51: /Http/Controllers/Api/GuestApiController.php: Warning: Older file to replace Newer file
2022-07-14 18:37:51: /Http/Controllers/Api/Traits/ApiControllerTrait.php: Warning: Older file to replace Newer file
2022-07-14 18:37:51: /Http/Controllers/Api/Traits/GuestApiControllerTrait.php: Warning: Older file to replace Newer file
2022-07-14 18:37:51: /Http/Controllers/Api/Traits/UserApiControllerTrait.php: Warning: Older file to replace Newer file
2022-07-14 18:37:51: /Http/Controllers/Api/UserApiController.php: Warning: Older file to replace Newer file
2022-07-14 18:37:51: /Http/Controllers/Auth/ConfirmPasswordController.php: Warning: Older file to replace Newer file
2022-07-14 18:37:51: /Http/Controllers/Auth/ForgotPasswordController.php: Warning: Older file to replace Newer file
2022-07-14 18:37:51: /Http/Controllers/Auth/LoginController.php: Warning: Older file to replace Newer file
2022-07-14 18:37:51: /Http/Controllers/Auth/RegisterController.php: Warning: Older file to replace Newer file
2022-07-14 18:37:51: /Http/Controllers/Auth/RegisterTenantController.php: Warning: Older file to replace Newer file
2022-07-14 18:37:51: /Http/Controllers/Auth/ResetPasswordController.php: Warning: Older file to replace Newer file
2022-07-14 18:37:51: /Http/Controllers/Auth/VerificationController.php: Warning: Older file to replace Newer file
2022-07-14 18:37:51: /Http/Controllers/BaseController.php: Warning: Older file to replace Newer file
2022-07-14 18:37:51: /Http/Controllers/DataBlockController.php: Warning: Older file to replace Newer file
2022-07-14 18:37:51: /Http/Controllers/DatatableController.php: Warning: Older file to replace Newer file
2022-07-14 18:37:51: /Http/Controllers/HomeController.php: Warning: Older file to replace Newer file
2022-07-14 18:37:51: /Http/Controllers/ReportController.php: Warning: Older file to replace Newer file
2022-07-14 18:37:51: /Http/Controllers/SystemController.php: Warning: Older file to replace Newer file
2022-07-14 18:37:51: /Http/Controllers/TestController.php: Warning: Older file to replace Newer file
2022-07-14 18:37:51: /Http/Middleware/AllowSuperuser.php: Warning: Older file to replace Newer file
2022-07-14 18:37:51: /Http/Middleware/InjectTenant.php: Warning: Older file to replace Newer file
2022-07-14 18:37:51: /Http/Middleware/RequestJson.php: Warning: Older file to replace Newer file
2022-07-14 18:37:51: /Http/Middleware/VerifyBearerToken.php: Warning: Older file to replace Newer file
2022-07-14 18:37:51: /Http/Middleware/VerifyXAuthToken.php: Warning: Older file to replace Newer file
2022-07-14 18:37:51: /Jobs/JobSendPushNotifications.php: Warning: Older file to replace Newer file
2022-07-14 18:37:51: /Jobs/JobSyncData.php: Warning: Older file to replace Newer file
2022-07-14 18:37:51: /Macros/QueryBuilderMacros.php: Warning: Older file to replace Newer file
2022-07-14 18:37:51: /Modules/Changes/Change.php: Warning: Older file to replace Newer file
2022-07-14 18:37:51: /Modules/Changes/ChangeController.php: Warning: Older file to replace Newer file
2022-07-14 18:37:51: /Modules/Changes/ChangeDatatable.php: Warning: Older file to replace Newer file
2022-07-14 18:37:51: /Modules/Changes/ChangeObserver.php: Warning: Older file to replace Newer file
2022-07-14 18:37:51: /Modules/Changes/ChangePolicy.php: Warning: Older file to replace Newer file
2022-07-14 18:37:51: /Modules/Changes/ChangeProcessor.php: Warning: Older file to replace Newer file
2022-07-14 18:37:51: /Modules/Changes/ChangeViewProcessor.php: Warning: Older file to replace Newer file
2022-07-14 18:37:51: /Modules/Changes/Traits/ChangeControllerTrait.php: Warning: Older file to replace Newer file
2022-07-14 18:37:51: /Modules/Changes/Traits/ChangeDatatableTrait.php: Warning: Older file to replace Newer file
2022-07-14 18:37:51: /Modules/Changes/Traits/ChangeObserverTrait.php: Warning: Older file to replace Newer file
2022-07-14 18:37:51: /Modules/Changes/Traits/ChangePolicyTrait.php: Warning: Older file to replace Newer file
2022-07-14 18:37:51: /Modules/Changes/Traits/ChangeProcessorTrait.php: Warning: Older file to replace Newer file
2022-07-14 18:37:51: /Modules/Changes/Traits/ChangeTrait.php: Warning: Older file to replace Newer file
2022-07-14 18:37:51: /Modules/Changes/Traits/ChangeViewProcessorTrait.php: Warning: Older file to replace Newer file
2022-07-14 18:37:51: /Modules/Comments/Comment.php: Warning: Older file to replace Newer file
2022-07-14 18:37:51: /Modules/Comments/CommentController.php: Warning: Older file to replace Newer file
2022-07-14 18:37:51: /Modules/Comments/CommentDatatable.php: Warning: Older file to replace Newer file
2022-07-14 18:37:51: /Modules/Comments/CommentObserver.php: Warning: Older file to replace Newer file
2022-07-14 18:37:51: /Modules/Comments/CommentPolicy.php: Warning: Older file to replace Newer file
2022-07-14 18:37:51: /Modules/Comments/CommentProcessor.php: Warning: Older file to replace Newer file
2022-07-14 18:37:51: /Modules/Comments/CommentViewProcessor.php: Warning: Older file to replace Newer file
2022-07-14 18:37:51: /Modules/Comments/Traits/CommentControllerTrait.php: Warning: Older file to replace Newer file
2022-07-14 18:37:51: /Modules/Comments/Traits/CommentDatatableTrait.php: Warning: Older file to replace Newer file
2022-07-14 18:37:51: /Modules/Comments/Traits/CommentObserverTrait.php: Warning: Older file to replace Newer file
2022-07-14 18:37:51: /Modules/Comments/Traits/CommentPolicyTrait.php: Warning: Older file to replace Newer file
2022-07-14 18:37:51: /Modules/Comments/Traits/CommentProcessorTrait.php: Warning: Older file to replace Newer file
2022-07-14 18:37:51: /Modules/Comments/Traits/CommentTrait.php: Warning: Older file to replace Newer file
2022-07-14 18:37:51: /Modules/Comments/Traits/CommentViewProcessorTrait.php: Warning: Older file to replace Newer file
2022-07-14 18:37:51: /Modules/Contents/Content.php: Warning: Older file to replace Newer file
2022-07-14 18:37:51: /Modules/Contents/ContentController.php: Warning: Older file to replace Newer file
2022-07-14 18:37:51: /Modules/Contents/ContentDatatable.php: Warning: Older file to replace Newer file
2022-07-14 18:37:51: /Modules/Contents/ContentObserver.php: Warning: Older file to replace Newer file
2022-07-14 18:37:51: /Modules/Contents/ContentPolicy.php: Warning: Older file to replace Newer file
2022-07-14 18:37:51: /Modules/Contents/ContentProcessor.php: Warning: Older file to replace Newer file
2022-07-14 18:37:51: /Modules/Contents/ContentViewProcessor.php: Warning: Older file to replace Newer file
2022-07-14 18:37:51: /Modules/Contents/Traits/ContentControllerTrait.php: Warning: Older file to replace Newer file
2022-07-14 18:37:51: /Modules/Contents/Traits/ContentDatatableTrait.php: Warning: Older file to replace Newer file
2022-07-14 18:37:51: /Modules/Contents/Traits/ContentObserverTrait.php: Warning: Older file to replace Newer file
2022-07-14 18:37:51: /Modules/Contents/Traits/ContentPolicyTrait.php: Warning: Older file to replace Newer file
2022-07-14 18:37:51: /Modules/Contents/Traits/ContentProcessorTrait.php: Warning: Older file to replace Newer file
2022-07-14 18:37:51: /Modules/Contents/Traits/ContentTrait.php: Warning: Older file to replace Newer file
2022-07-14 18:37:51: /Modules/Contents/Traits/ContentViewProcessorTrait.php: Warning: Older file to replace Newer file
2022-07-14 18:37:51: /Modules/Countries/Country.php: Warning: Older file to replace Newer file
2022-07-14 18:37:51: /Modules/Countries/CountryController.php: Warning: Older file to replace Newer file
2022-07-14 18:37:51: /Modules/Countries/CountryDatatable.php: Warning: Older file to replace Newer file
2022-07-14 18:37:51: /Modules/Countries/CountryObserver.php: Warning: Older file to replace Newer file
2022-07-14 18:37:51: /Modules/Countries/CountryPolicy.php: Warning: Older file to replace Newer file
2022-07-14 18:37:51: /Modules/Countries/CountryProcessor.php: Warning: Older file to replace Newer file
2022-07-14 18:37:51: /Modules/Countries/CountryViewProcessor.php: Warning: Older file to replace Newer file
2022-07-14 18:37:51: /Modules/Countries/Traits/CountryControllerTrait.php: Warning: Older file to replace Newer file
2022-07-14 18:37:51: /Modules/Countries/Traits/CountryDatatableTrait.php: Warning: Older file to replace Newer file
2022-07-14 18:37:51: /Modules/Countries/Traits/CountryObserverTrait.php: Warning: Older file to replace Newer file
2022-07-14 18:37:51: /Modules/Countries/Traits/CountryPolicyTrait.php: Warning: Older file to replace Newer file
2022-07-14 18:37:51: /Modules/Countries/Traits/CountryProcessorTrait.php: Warning: Older file to replace Newer file
2022-07-14 18:37:51: /Modules/Countries/Traits/CountryTrait.php: Warning: Older file to replace Newer file
2022-07-14 18:37:51: /Modules/Countries/Traits/CountryViewProcessorTrait.php: Warning: Older file to replace Newer file
2022-07-14 18:37:51: /Modules/Groups/Group.php: Warning: Older file to replace Newer file
2022-07-14 18:37:51: /Modules/Groups/GroupController.php: Warning: Older file to replace Newer file
2022-07-14 18:37:51: /Modules/Groups/GroupDatatable.php: Warning: Older file to replace Newer file
2022-07-14 18:37:51: /Modules/Groups/GroupObserver.php: Warning: Older file to replace Newer file
2022-07-14 18:37:51: /Modules/Groups/GroupPolicy.php: Warning: Older file to replace Newer file
2022-07-14 18:37:51: /Modules/Groups/GroupProcessor.php: Warning: Older file to replace Newer file
2022-07-14 18:37:51: /Modules/Groups/GroupViewProcessor.php: Warning: Older file to replace Newer file
2022-07-14 18:37:51: /Modules/Groups/Traits/GroupControllerTrait.php: Warning: Older file to replace Newer file
2022-07-14 18:37:51: /Modules/Groups/Traits/GroupDatatableTrait.php: Warning: Older file to replace Newer file
2022-07-14 18:37:51: /Modules/Groups/Traits/GroupObserverTrait.php: Warning: Older file to replace Newer file
2022-07-14 18:37:51: /Modules/Groups/Traits/GroupPolicyTrait.php: Warning: Older file to replace Newer file
2022-07-14 18:37:51: /Modules/Groups/Traits/GroupProcessorTrait.php: Warning: Older file to replace Newer file
2022-07-14 18:37:51: /Modules/Groups/Traits/GroupTrait.php: Warning: Older file to replace Newer file
2022-07-14 18:37:51: /Modules/Groups/Traits/GroupViewProcessorTrait.php: Warning: Older file to replace Newer file
2022-07-14 18:37:51: /Modules/InAppNotifications/InAppNotification.php: Warning: Older file to replace Newer file
2022-07-14 18:37:51: /Modules/InAppNotifications/InAppNotificationController.php: Warning: Older file to replace Newer file
2022-07-14 18:37:51: /Modules/InAppNotifications/InAppNotificationDatatable.php: Warning: Older file to replace Newer file
2022-07-14 18:37:51: /Modules/InAppNotifications/InAppNotificationObserver.php: Warning: Older file to replace Newer file
2022-07-14 18:37:51: /Modules/InAppNotifications/InAppNotificationPolicy.php: Warning: Older file to replace Newer file
2022-07-14 18:37:51: /Modules/InAppNotifications/InAppNotificationProcessor.php: Warning: Older file to replace Newer file
2022-07-14 18:37:51: /Modules/InAppNotifications/InAppNotificationViewProcessor.php: Warning: Older file to replace Newer file
2022-07-14 18:37:51: /Modules/InAppNotifications/Traits/InAppNotificationControllerTrait.php: Warning: Older file to replace Newer file
2022-07-14 18:37:51: /Modules/InAppNotifications/Traits/InAppNotificationDatatableTrait.php: Warning: Older file to replace Newer file
2022-07-14 18:37:51: /Modules/InAppNotifications/Traits/InAppNotificationObserverTrait.php: Warning: Older file to replace Newer file
2022-07-14 18:37:51: /Modules/InAppNotifications/Traits/InAppNotificationPolicyTrait.php: Warning: Older file to replace Newer file
2022-07-14 18:37:51: /Modules/InAppNotifications/Traits/InAppNotificationProcessorTrait.php: Warning: Older file to replace Newer file
2022-07-14 18:37:51: /Modules/InAppNotifications/Traits/InAppNotificationTrait.php: Warning: Older file to replace Newer file
2022-07-14 18:37:51: /Modules/InAppNotifications/Traits/InAppNotificationViewProcessorTrait.php: Warning: Older file to replace Newer file
2022-07-14 18:37:51: /Modules/ModuleGroups/ModuleGroup.php: Warning: Older file to replace Newer file
2022-07-14 18:37:51: /Modules/ModuleGroups/ModuleGroupController.php: Warning: Older file to replace Newer file
2022-07-14 18:37:51: /Modules/ModuleGroups/ModuleGroupDatatable.php: Warning: Older file to replace Newer file
2022-07-14 18:37:51: /Modules/ModuleGroups/ModuleGroupObserver.php: Warning: Older file to replace Newer file
2022-07-14 18:37:51: /Modules/ModuleGroups/ModuleGroupPolicy.php: Warning: Older file to replace Newer file
2022-07-14 18:37:51: /Modules/ModuleGroups/ModuleGroupProcessor.php: Warning: Older file to replace Newer file
2022-07-14 18:37:51: /Modules/ModuleGroups/ModuleGroupViewProcessor.php: Warning: Older file to replace Newer file
2022-07-14 18:37:51: /Modules/ModuleGroups/Traits/ModuleGroupControllerTrait.php: Warning: Older file to replace Newer file
2022-07-14 18:37:51: /Modules/ModuleGroups/Traits/ModuleGroupDatatableTrait.php: Warning: Older file to replace Newer file
2022-07-14 18:37:51: /Modules/ModuleGroups/Traits/ModuleGroupObserverTrait.php: Warning: Older file to replace Newer file
2022-07-14 18:37:51: /Modules/ModuleGroups/Traits/ModuleGroupPolicyTrait.php: Warning: Older file to replace Newer file
2022-07-14 18:37:51: /Modules/ModuleGroups/Traits/ModuleGroupProcessorTrait.php: Warning: Older file to replace Newer file
2022-07-14 18:37:51: /Modules/ModuleGroups/Traits/ModuleGroupTrait.php: Warning: Older file to replace Newer file
2022-07-14 18:37:51: /Modules/ModuleGroups/Traits/ModuleGroupViewProcessorTrait.php: Warning: Older file to replace Newer file
2022-07-14 18:37:51: /Modules/Modules/Module.php: Warning: Older file to replace Newer file
2022-07-14 18:37:51: /Modules/Modules/ModuleController.php: Warning: Older file to replace Newer file
2022-07-14 18:37:51: /Modules/Modules/ModuleDatatable.php: Warning: Older file to replace Newer file
2022-07-14 18:37:51: /Modules/Modules/ModuleObserver.php: Warning: Older file to replace Newer file
2022-07-14 18:37:51: /Modules/Modules/ModulePolicy.php: Warning: Older file to replace Newer file
2022-07-14 18:37:51: /Modules/Modules/ModuleProcessor.php: Warning: Older file to replace Newer file
2022-07-14 18:37:51: /Modules/Modules/ModuleViewProcessor.php: Warning: Older file to replace Newer file
2022-07-14 18:37:51: /Modules/Modules/Traits/ModuleControllerTrait.php: Warning: Older file to replace Newer file
2022-07-14 18:37:51: /Modules/Modules/Traits/ModuleDatatableTrait.php: Warning: Older file to replace Newer file
2022-07-14 18:37:51: /Modules/Modules/Traits/ModuleObserverTrait.php: Warning: Older file to replace Newer file
2022-07-14 18:37:51: /Modules/Modules/Traits/ModulePolicyTrait.php: Warning: Older file to replace Newer file
2022-07-14 18:37:51: /Modules/Modules/Traits/ModuleProcessorTrait.php: Warning: Older file to replace Newer file
2022-07-14 18:37:51: /Modules/Modules/Traits/ModuleTrait.php: Warning: Older file to replace Newer file
2022-07-14 18:37:51: /Modules/Modules/Traits/ModuleViewProcessorTrait.php: Warning: Older file to replace Newer file
2022-07-14 18:37:51: /Modules/Notifications/Notification.php: Warning: Older file to replace Newer file
2022-07-14 18:37:51: /Modules/Notifications/NotificationController.php: Warning: Older file to replace Newer file
2022-07-14 18:37:51: /Modules/Notifications/NotificationDatatable.php: Warning: Older file to replace Newer file
2022-07-14 18:37:51: /Modules/Notifications/NotificationObserver.php: Warning: Older file to replace Newer file
2022-07-14 18:37:51: /Modules/Notifications/NotificationPolicy.php: Warning: Older file to replace Newer file
2022-07-14 18:37:51: /Modules/Notifications/NotificationProcessor.php: Warning: Older file to replace Newer file
2022-07-14 18:37:51: /Modules/Notifications/NotificationViewProcessor.php: Warning: Older file to replace Newer file
2022-07-14 18:37:51: /Modules/Notifications/Traits/NotificationControllerTrait.php: Warning: Older file to replace Newer file
2022-07-14 18:37:51: /Modules/Notifications/Traits/NotificationDatatableTrait.php: Warning: Older file to replace Newer file
2022-07-14 18:37:51: /Modules/Notifications/Traits/NotificationObserverTrait.php: Warning: Older file to replace Newer file
2022-07-14 18:37:51: /Modules/Notifications/Traits/NotificationPolicyTrait.php: Warning: Older file to replace Newer file
2022-07-14 18:37:51: /Modules/Notifications/Traits/NotificationProcessorTrait.php: Warning: Older file to replace Newer file
2022-07-14 18:37:51: /Modules/Notifications/Traits/NotificationTrait.php: Warning: Older file to replace Newer file
2022-07-14 18:37:51: /Modules/Notifications/Traits/NotificationViewProcessorTrait.php: Warning: Older file to replace Newer file
2022-07-14 18:37:51: /Modules/Packages/Package.php: Warning: Older file to replace Newer file
2022-07-14 18:37:51: /Modules/Packages/PackageController.php: Warning: Older file to replace Newer file
2022-07-14 18:37:51: /Modules/Packages/PackageDatatable.php: Warning: Older file to replace Newer file
2022-07-14 18:37:51: /Modules/Packages/PackageObserver.php: Warning: Older file to replace Newer file
2022-07-14 18:37:51: /Modules/Packages/PackagePolicy.php: Warning: Older file to replace Newer file
2022-07-14 18:37:51: /Modules/Packages/PackageProcessor.php: Warning: Older file to replace Newer file
2022-07-14 18:37:51: /Modules/Packages/PackageViewProcessor.php: Warning: Older file to replace Newer file
2022-07-14 18:37:51: /Modules/Packages/Traits/PackageControllerTrait.php: Warning: Older file to replace Newer file
2022-07-14 18:37:51: /Modules/Packages/Traits/PackageDatatableTrait.php: Warning: Older file to replace Newer file
2022-07-14 18:37:51: /Modules/Packages/Traits/PackageObserverTrait.php: Warning: Older file to replace Newer file
2022-07-14 18:37:51: /Modules/Packages/Traits/PackagePolicyTrait.php: Warning: Older file to replace Newer file
2022-07-14 18:37:51: /Modules/Packages/Traits/PackageProcessorTrait.php: Warning: Older file to replace Newer file
2022-07-14 18:37:51: /Modules/Packages/Traits/PackageTrait.php: Warning: Older file to replace Newer file
2022-07-14 18:37:51: /Modules/Packages/Traits/PackageViewProcessorTrait.php: Warning: Older file to replace Newer file
2022-07-14 18:37:51: /Modules/Projects/Project.php: Warning: Older file to replace Newer file
2022-07-14 18:37:51: /Modules/Projects/ProjectController.php: Warning: Older file to replace Newer file
2022-07-14 18:37:51: /Modules/Projects/ProjectDatatable.php: Warning: Older file to replace Newer file
2022-07-14 18:37:51: /Modules/Projects/ProjectObserver.php: Warning: Older file to replace Newer file
2022-07-14 18:37:51: /Modules/Projects/ProjectPolicy.php: Warning: Older file to replace Newer file
2022-07-14 18:37:51: /Modules/Projects/ProjectProcessor.php: Warning: Older file to replace Newer file
2022-07-14 18:37:51: /Modules/Projects/ProjectViewProcessor.php: Warning: Older file to replace Newer file
2022-07-14 18:37:51: /Modules/Projects/Traits/ProjectControllerTrait.php: Warning: Older file to replace Newer file
2022-07-14 18:37:51: /Modules/Projects/Traits/ProjectDatatableTrait.php: Warning: Older file to replace Newer file
2022-07-14 18:37:51: /Modules/Projects/Traits/ProjectObserverTrait.php: Warning: Older file to replace Newer file
2022-07-14 18:37:51: /Modules/Projects/Traits/ProjectPolicyTrait.php: Warning: Older file to replace Newer file
2022-07-14 18:37:51: /Modules/Projects/Traits/ProjectProcessorTrait.php: Warning: Older file to replace Newer file
2022-07-14 18:37:51: /Modules/Projects/Traits/ProjectTrait.php: Warning: Older file to replace Newer file
2022-07-14 18:37:51: /Modules/Projects/Traits/ProjectViewProcessorTrait.php: Warning: Older file to replace Newer file
2022-07-14 18:37:51: /Modules/PushNotifications/PushNotification.php: Warning: Older file to replace Newer file
2022-07-14 18:37:51: /Modules/PushNotifications/PushNotificationController.php: Warning: Older file to replace Newer file
2022-07-14 18:37:51: /Modules/PushNotifications/PushNotificationDatatable.php: Warning: Older file to replace Newer file
2022-07-14 18:37:51: /Modules/PushNotifications/PushNotificationObserver.php: Warning: Older file to replace Newer file
2022-07-14 18:37:51: /Modules/PushNotifications/PushNotificationPolicy.php: Warning: Older file to replace Newer file
2022-07-14 18:37:51: /Modules/PushNotifications/PushNotificationProcessor.php: Warning: Older file to replace Newer file
2022-07-14 18:37:51: /Modules/PushNotifications/PushNotificationViewProcessor.php: Warning: Older file to replace Newer file
2022-07-14 18:37:51: /Modules/PushNotifications/Traits/PushNotificationControllerTrait.php: Warning: Older file to replace Newer file
2022-07-14 18:37:51: /Modules/PushNotifications/Traits/PushNotificationDatatableTrait.php: Warning: Older file to replace Newer file
2022-07-14 18:37:51: /Modules/PushNotifications/Traits/PushNotificationObserverTrait.php: Warning: Older file to replace Newer file
2022-07-14 18:37:51: /Modules/PushNotifications/Traits/PushNotificationPolicyTrait.php: Warning: Older file to replace Newer file
2022-07-14 18:37:51: /Modules/PushNotifications/Traits/PushNotificationProcessorTrait.php: Warning: Older file to replace Newer file
2022-07-14 18:37:51: /Modules/PushNotifications/Traits/PushNotificationTrait.php: Warning: Older file to replace Newer file
2022-07-14 18:37:51: /Modules/PushNotifications/Traits/PushNotificationViewProcessorTrait.php: Warning: Older file to replace Newer file
2022-07-14 18:37:51: /Modules/Reports/Report.php: Warning: Older file to replace Newer file
2022-07-14 18:37:51: /Modules/Reports/ReportController.php: Warning: Older file to replace Newer file
2022-07-14 18:37:51: /Modules/Reports/ReportDatatable.php: Warning: Older file to replace Newer file
2022-07-14 18:37:51: /Modules/Reports/ReportObserver.php: Warning: Older file to replace Newer file
2022-07-14 18:37:51: /Modules/Reports/ReportPolicy.php: Warning: Older file to replace Newer file
2022-07-14 18:37:51: /Modules/Reports/ReportProcessor.php: Warning: Older file to replace Newer file
2022-07-14 18:37:51: /Modules/Reports/ReportViewProcessor.php: Warning: Older file to replace Newer file
2022-07-14 18:37:51: /Modules/Reports/Traits/ReportControllerTrait.php: Warning: Older file to replace Newer file
2022-07-14 18:37:51: /Modules/Reports/Traits/ReportDatatableTrait.php: Warning: Older file to replace Newer file
2022-07-14 18:37:51: /Modules/Reports/Traits/ReportObserverTrait.php: Warning: Older file to replace Newer file
2022-07-14 18:37:51: /Modules/Reports/Traits/ReportPolicyTrait.php: Warning: Older file to replace Newer file
2022-07-14 18:37:51: /Modules/Reports/Traits/ReportProcessorTrait.php: Warning: Older file to replace Newer file
2022-07-14 18:37:51: /Modules/Reports/Traits/ReportTrait.php: Warning: Older file to replace Newer file
2022-07-14 18:37:51: /Modules/Reports/Traits/ReportViewProcessorTrait.php: Warning: Older file to replace Newer file
2022-07-14 18:37:51: /Modules/Settings/Setting.php: Warning: Older file to replace Newer file
2022-07-14 18:37:51: /Modules/Settings/SettingController.php: Warning: Older file to replace Newer file
2022-07-14 18:37:51: /Modules/Settings/SettingDatatable.php: Warning: Older file to replace Newer file
2022-07-14 18:37:51: /Modules/Settings/SettingObserver.php: Warning: Older file to replace Newer file
2022-07-14 18:37:51: /Modules/Settings/SettingPolicy.php: Warning: Older file to replace Newer file
2022-07-14 18:37:51: /Modules/Settings/SettingProcessor.php: Warning: Older file to replace Newer file
2022-07-14 18:37:51: /Modules/Settings/SettingViewProcessor.php: Warning: Older file to replace Newer file
2022-07-14 18:37:51: /Modules/Settings/Traits/SettingControllerTrait.php: Warning: Older file to replace Newer file
2022-07-14 18:37:51: /Modules/Settings/Traits/SettingDatatableTrait.php: Warning: Older file to replace Newer file
2022-07-14 18:37:51: /Modules/Settings/Traits/SettingObserverTrait.php: Warning: Older file to replace Newer file
2022-07-14 18:37:51: /Modules/Settings/Traits/SettingPolicyTrait.php: Warning: Older file to replace Newer file
2022-07-14 18:37:51: /Modules/Settings/Traits/SettingProcessorTrait.php: Warning: Older file to replace Newer file
2022-07-14 18:37:51: /Modules/Settings/Traits/SettingTrait.php: Warning: Older file to replace Newer file
2022-07-14 18:37:51: /Modules/Settings/Traits/SettingViewProcessorTrait.php: Warning: Older file to replace Newer file
2022-07-14 18:37:51: /Modules/Spreads/Spread.php: Warning: Older file to replace Newer file
2022-07-14 18:37:51: /Modules/Spreads/SpreadController.php: Warning: Older file to replace Newer file
2022-07-14 18:37:51: /Modules/Spreads/SpreadDatatable.php: Warning: Older file to replace Newer file
2022-07-14 18:37:51: /Modules/Spreads/SpreadObserver.php: Warning: Older file to replace Newer file
2022-07-14 18:37:51: /Modules/Spreads/SpreadPolicy.php: Warning: Older file to replace Newer file
2022-07-14 18:37:51: /Modules/Spreads/SpreadProcessor.php: Warning: Older file to replace Newer file
2022-07-14 18:37:51: /Modules/Spreads/SpreadViewProcessor.php: Warning: Older file to replace Newer file
2022-07-14 18:37:51: /Modules/Spreads/Traits/SpreadControllerTrait.php: Warning: Older file to replace Newer file
2022-07-14 18:37:51: /Modules/Spreads/Traits/SpreadDatatableTrait.php: Warning: Older file to replace Newer file
2022-07-14 18:37:51: /Modules/Spreads/Traits/SpreadObserverTrait.php: Warning: Older file to replace Newer file
2022-07-14 18:37:51: /Modules/Spreads/Traits/SpreadPolicyTrait.php: Warning: Older file to replace Newer file
2022-07-14 18:37:51: /Modules/Spreads/Traits/SpreadProcessorTrait.php: Warning: Older file to replace Newer file
2022-07-14 18:37:51: /Modules/Spreads/Traits/SpreadTrait.php: Warning: Older file to replace Newer file
2022-07-14 18:37:51: /Modules/Spreads/Traits/SpreadViewProcessorTrait.php: Warning: Older file to replace Newer file
2022-07-14 18:37:51: /Modules/Subscriptions/Subscription.php: Warning: Older file to replace Newer file
2022-07-14 18:37:51: /Modules/Subscriptions/SubscriptionController.php: Warning: Older file to replace Newer file
2022-07-14 18:37:51: /Modules/Subscriptions/SubscriptionDatatable.php: Warning: Older file to replace Newer file
2022-07-14 18:37:51: /Modules/Subscriptions/SubscriptionObserver.php: Warning: Older file to replace Newer file
2022-07-14 18:37:51: /Modules/Subscriptions/SubscriptionPolicy.php: Warning: Older file to replace Newer file
2022-07-14 18:37:51: /Modules/Subscriptions/SubscriptionProcessor.php: Warning: Older file to replace Newer file
2022-07-14 18:37:51: /Modules/Subscriptions/SubscriptionViewProcessor.php: Warning: Older file to replace Newer file
2022-07-14 18:37:51: /Modules/Subscriptions/Traits/SubscriptionControllerTrait.php: Warning: Older file to replace Newer file
2022-07-14 18:37:51: /Modules/Subscriptions/Traits/SubscriptionDatatableTrait.php: Warning: Older file to replace Newer file
2022-07-14 18:37:51: /Modules/Subscriptions/Traits/SubscriptionObserverTrait.php: Warning: Older file to replace Newer file
2022-07-14 18:37:51: /Modules/Subscriptions/Traits/SubscriptionPolicyTrait.php: Warning: Older file to replace Newer file
2022-07-14 18:37:51: /Modules/Subscriptions/Traits/SubscriptionProcessorTrait.php: Warning: Older file to replace Newer file
2022-07-14 18:37:51: /Modules/Subscriptions/Traits/SubscriptionTrait.php: Warning: Older file to replace Newer file
2022-07-14 18:37:51: /Modules/Subscriptions/Traits/SubscriptionViewProcessorTrait.php: Warning: Older file to replace Newer file
2022-07-14 18:37:51: /Modules/Tenants/Tenant.php: Warning: Older file to replace Newer file
2022-07-14 18:37:51: /Modules/Tenants/TenantController.php: Warning: Older file to replace Newer file
2022-07-14 18:37:51: /Modules/Tenants/TenantDatatable.php: Warning: Older file to replace Newer file
2022-07-14 18:37:51: /Modules/Tenants/TenantObserver.php: Warning: Older file to replace Newer file
2022-07-14 18:37:51: /Modules/Tenants/TenantPolicy.php: Warning: Older file to replace Newer file
2022-07-14 18:37:51: /Modules/Tenants/TenantProcessor.php: Warning: Older file to replace Newer file
2022-07-14 18:37:51: /Modules/Tenants/TenantViewProcessor.php: Warning: Older file to replace Newer file
2022-07-14 18:37:51: /Modules/Tenants/Traits/TenantControllerTrait.php: Warning: Older file to replace Newer file
2022-07-14 18:37:51: /Modules/Tenants/Traits/TenantDatatableTrait.php: Warning: Older file to replace Newer file
2022-07-14 18:37:51: /Modules/Tenants/Traits/TenantObserverTrait.php: Warning: Older file to replace Newer file
2022-07-14 18:37:51: /Modules/Tenants/Traits/TenantPolicyTrait.php: Warning: Older file to replace Newer file
2022-07-14 18:37:51: /Modules/Tenants/Traits/TenantProcessorTrait.php: Warning: Older file to replace Newer file
2022-07-14 18:37:51: /Modules/Tenants/Traits/TenantTrait.php: Warning: Older file to replace Newer file
2022-07-14 18:37:51: /Modules/Tenants/Traits/TenantViewProcessorTrait.php: Warning: Older file to replace Newer file
2022-07-14 18:37:51: /Modules/Uploads/Traits/UploadControllerTrait.php: Warning: Older file to replace Newer file
2022-07-14 18:37:51: /Modules/Uploads/Traits/UploadDatatableTrait.php: Warning: Older file to replace Newer file
2022-07-14 18:37:51: /Modules/Uploads/Traits/UploadObserverTrait.php: Warning: Older file to replace Newer file
2022-07-14 18:37:51: /Modules/Uploads/Traits/UploadPolicyTrait.php: Warning: Older file to replace Newer file
2022-07-14 18:37:51: /Modules/Uploads/Traits/UploadProcessorTrait.php: Warning: Older file to replace Newer file
2022-07-14 18:37:51: /Modules/Uploads/Traits/UploadTrait.php: Warning: Older file to replace Newer file
2022-07-14 18:37:51: /Modules/Uploads/Traits/UploadViewProcessorTrait.php: Warning: Older file to replace Newer file
2022-07-14 18:37:51: /Modules/Uploads/Upload.php: Warning: Older file to replace Newer file
2022-07-14 18:37:51: /Modules/Uploads/UploadController.php: Warning: Older file to replace Newer file
2022-07-14 18:37:51: /Modules/Uploads/UploadDatatable.php: Warning: Older file to replace Newer file
2022-07-14 18:37:51: /Modules/Uploads/UploadObserver.php: Warning: Older file to replace Newer file
2022-07-14 18:37:51: /Modules/Uploads/UploadPolicy.php: Warning: Older file to replace Newer file
2022-07-14 18:37:51: /Modules/Uploads/UploadProcessor.php: Warning: Older file to replace Newer file
2022-07-14 18:37:51: /Modules/Uploads/UploadViewProcessor.php: Warning: Older file to replace Newer file
2022-07-14 18:37:51: /Modules/Users/Traits/UserControllerTrait.php: Warning: Older file to replace Newer file
2022-07-14 18:37:51: /Modules/Users/Traits/UserDatatableTrait.php: Warning: Older file to replace Newer file
2022-07-14 18:37:51: /Modules/Users/Traits/UserObserverTrait.php: Warning: Older file to replace Newer file
2022-07-14 18:37:51: /Modules/Users/Traits/UserPolicyTrait.php: Warning: Older file to replace Newer file
2022-07-14 18:37:51: /Modules/Users/Traits/UserProcessorTrait.php: Warning: Older file to replace Newer file
2022-07-14 18:37:51: /Modules/Users/Traits/UserTrait.php: Warning: Older file to replace Newer file
2022-07-14 18:37:51: /Modules/Users/Traits/UserViewProcessorTrait.php: Warning: Older file to replace Newer file
2022-07-14 18:37:51: /Modules/Users/User.php: Warning: Older file to replace Newer file
2022-07-14 18:37:51: /Modules/Users/UserController.php: Warning: Older file to replace Newer file
2022-07-14 18:37:51: /Modules/Users/UserDatatable.php: Warning: Older file to replace Newer file
2022-07-14 18:37:51: /Modules/Users/UserObserver.php: Warning: Older file to replace Newer file
2022-07-14 18:37:51: /Modules/Users/UserPolicy.php: Warning: Older file to replace Newer file
2022-07-14 18:37:51: /Modules/Users/UserProcessor.php: Warning: Older file to replace Newer file
2022-07-14 18:37:51: /Modules/Users/UserViewProcessor.php: Warning: Older file to replace Newer file
2022-07-14 18:37:51: /Notifications/Auth/ResetPassword.php: Warning: Older file to replace Newer file
2022-07-14 18:37:51: /Notifications/Auth/VerifyEmail.php: Warning: Older file to replace Newer file
2022-07-14 18:37:51: /Providers/AppServiceProvider.php: Warning: Older file to replace Newer file
2022-07-14 18:37:51: /Providers/AuthServiceProvider.php: Warning: Older file to replace Newer file
2022-07-14 18:37:51: /Providers/EventServiceProvider.php: Warning: Older file to replace Newer file
2022-07-14 18:37:51: /Providers/RouteServiceProvider.php: Warning: Older file to replace Newer file
2022-07-14 18:37:51: /Reports/ActiveUsers.php: Warning: Older file to replace Newer file
2022-07-14 18:37:51: /Reports/SampleReport.php: Warning: Older file to replace Newer file
2022-07-14 18:37:51: /routes/api.php: Warning: Older file to replace Newer file
2022-07-14 18:37:51: /routes/auth.php: Warning: Older file to replace Newer file
2022-07-14 18:37:51: /routes/modules.php: Warning: Older file to replace Newer file
2022-07-14 18:37:51: /routes/partials.php: Warning: Older file to replace Newer file
2022-07-14 18:37:51: /routes/services.php: Warning: Older file to replace Newer file
2022-07-14 18:37:51: /routes/system.php: Warning: Older file to replace Newer file
2022-07-14 18:37:51: /routes/web.php: Warning: Older file to replace Newer file
2022-07-14 18:37:51: /Rules/CheckCrossTenantDuplication.php: Warning: Older file to replace Newer file
2022-07-14 18:37:51: /Rules/ValidationRule.php: Warning: Older file to replace Newer file
2022-07-14 18:37:51: Changes: 427, Conflicts: 0, CopyTime: 0, FixState: 95, Errors: 0, All: 523
2022-07-14 18:37:51: Left to Right: Copy File: 426 Delete File: 1 
2022-07-14 18:37:51: -- Analysis Complete. Time 00:00:00, Speed: Many files/s
